2026-02-06 01:25:37,705 - INFO - ================================================================================
2026-02-06 01:25:37,705 - INFO - MOTOR DE CÁLCULO ABC+D PARA GESTIÓN DE INVENTARIOS - V2
2026-02-06 01:25:37,705 - INFO - Período: Periodo_1 (Enero - Febrero)
2026-02-06 01:25:37,706 - INFO - ================================================================================
2026-02-06 01:25:37,706 - INFO - 
MODO: Multi-sección (todas las secciones)
2026-02-06 01:25:37,706 - INFO - 
================================================================================
2026-02-06 01:25:37,706 - INFO - FASE 1: CARGA DE DATOS
2026-02-06 01:25:37,706 - INFO - ================================================================================
2026-02-06 01:25:37,706 - INFO - 
Cargando archivos del sistema ERP...
2026-02-06 01:25:37,707 - INFO - Usando archivo legacy (sin timestamp): SPA_Compras.xlsx
2026-02-06 01:25:37,707 - INFO -   Encontrado archivo ERP: SPA_Compras.xlsx
2026-02-06 01:25:38,003 - INFO - Usando archivo legacy (sin timestamp): SPA_Ventas.xlsx
2026-02-06 01:25:38,004 - INFO -   Encontrado archivo ERP: SPA_Ventas.xlsx
2026-02-06 01:25:39,370 - INFO - Usando archivo legacy (sin timestamp): SPA_Stock_P1.xlsx
2026-02-06 01:25:39,370 - INFO -   Encontrado archivo ERP: SPA_Stock_P1.xlsx
2026-02-06 01:25:39,786 - INFO - Usando archivo legacy (sin timestamp): SPA_Coste.xlsx
2026-02-06 01:25:39,786 - INFO -   Encontrado archivo ERP: SPA_Coste.xlsx
2026-02-06 01:25:41,296 - INFO - COSTE: Columnas renombradas automáticamente: {'Artículo': 'Artículo', 'Talla': 'Talla', 'Color': 'Color', 'Coste': 'Coste', 'Últ. compra': 'Últ. Compra'}
2026-02-06 01:25:41,297 - INFO - 
COMPRAS: 3594 registros cargados
2026-02-06 01:25:41,297 - INFO - VENTAS: 15482 registros cargados
2026-02-06 01:25:41,297 - INFO - STOCK (SPA_Stock_P1): 7760 registros cargados
2026-02-06 01:25:41,297 - INFO - COSTE: 17970 registros cargados
2026-02-06 01:25:41,298 - INFO - 
================================================================================
2026-02-06 01:25:41,298 - INFO - FASE 2: DEFINICIÓN DEL PERÍODO DE ANÁLISIS
2026-02-06 01:25:41,298 - INFO - ================================================================================
2026-02-06 01:25:41,298 - INFO - 
Período configurado:
2026-02-06 01:25:41,299 - INFO -    Desde: 01 de January de 2026
2026-02-06 01:25:41,299 - INFO -    Hasta: 28 de February de 2026
2026-02-06 01:25:41,299 - INFO -    Días: 59
2026-02-06 01:25:41,299 - INFO - 
================================================================================
2026-02-06 01:25:41,299 - INFO - FASE 3: FILTRADO DE DATOS POR PERÍODO
2026-02-06 01:25:41,300 - INFO - ================================================================================
2026-02-06 01:25:41,332 - INFO - 
COMPRAS: 3594 registros → 0 registros (filtrado por fechas)
2026-02-06 01:25:41,332 - INFO - VENTAS: 15482 registros → 0 registros (filtrado por fechas)
2026-02-06 01:25:41,332 - INFO - 
================================================================================
2026-02-06 01:25:41,332 - INFO - FASE 4: CÁLCULO DE COSTE Y BENEFICIO
2026-02-06 01:25:41,333 - INFO - ================================================================================
2026-02-06 01:25:41,333 - INFO - VENTAS: 0 filas → 0 filas de Detalle
2026-02-06 01:25:41,369 - INFO - 
VENTAS procesadas: 0 registros
2026-02-06 01:25:41,370 - INFO -   - Con coste encontrado: 0
2026-02-06 01:25:41,370 - INFO -   - Sin coste (asignado 0): 0
2026-02-06 01:25:41,370 - INFO - 
Total importe ventas: 0.00 €
2026-02-06 01:25:41,371 - INFO - Total coste ventas: 0.00 €
2026-02-06 01:25:41,371 - INFO - Total beneficio: 0.00 €
2026-02-06 01:25:41,371 - INFO - 
================================================================================
2026-02-06 01:25:41,371 - INFO - FASE 5: NORMALIZACIÓN DE DATOS
2026-02-06 01:25:41,372 - INFO - ================================================================================
2026-02-06 01:25:41,389 - INFO - Columnas normalizadas creadas para comparación
2026-02-06 01:25:41,394 - INFO - 
Filtrados 0 artículos con menos de 10 dígitos en COMPRAS
2026-02-06 01:25:41,395 - INFO - Filtrados 0 artículos con menos de 10 dígitos en VENTAS
2026-02-06 01:25:41,395 - INFO - Filtrados 2083 artículos con menos de 10 dígitos en STOCK
2026-02-06 01:29:20,893 - INFO - ================================================================================
2026-02-06 01:29:20,893 - INFO - MOTOR DE CÁLCULO ABC+D PARA GESTIÓN DE INVENTARIOS - V2
2026-02-06 01:29:20,893 - INFO - Período: Periodo_1 (Enero - Febrero)
2026-02-06 01:29:20,893 - INFO - ================================================================================
2026-02-06 01:29:20,893 - INFO - 
MODO: Multi-sección (todas las secciones)
2026-02-06 01:29:20,893 - INFO - 
================================================================================
2026-02-06 01:29:20,894 - INFO - FASE 1: CARGA DE DATOS
2026-02-06 01:29:20,894 - INFO - ================================================================================
2026-02-06 01:29:20,894 - INFO - 
Cargando archivos del sistema ERP...
2026-02-06 01:29:20,894 - INFO - Usando archivo legacy (sin timestamp): SPA_Compras.xlsx
2026-02-06 01:29:20,894 - INFO -   Encontrado archivo ERP: SPA_Compras.xlsx
2026-02-06 01:29:21,196 - INFO - Usando archivo legacy (sin timestamp): SPA_Ventas.xlsx
2026-02-06 01:29:21,196 - INFO -   Encontrado archivo ERP: SPA_Ventas.xlsx
2026-02-06 01:29:22,581 - INFO - Usando archivo legacy (sin timestamp): SPA_Stock_P1.xlsx
2026-02-06 01:29:22,581 - INFO -   Encontrado archivo ERP: SPA_Stock_P1.xlsx
2026-02-06 01:29:23,004 - INFO - Usando archivo legacy (sin timestamp): SPA_Coste.xlsx
2026-02-06 01:29:23,004 - INFO -   Encontrado archivo ERP: SPA_Coste.xlsx
2026-02-06 01:29:24,539 - INFO - COSTE: Columnas renombradas automáticamente: {'Artículo': 'Artículo', 'Talla': 'Talla', 'Color': 'Color', 'Coste': 'Coste', 'Últ. compra': 'Últ. Compra'}
2026-02-06 01:29:24,539 - INFO - 
COMPRAS: 3594 registros cargados
2026-02-06 01:29:24,540 - INFO - VENTAS: 15482 registros cargados
2026-02-06 01:29:24,540 - INFO - STOCK (SPA_Stock_P1): 7760 registros cargados
2026-02-06 01:29:24,540 - INFO - COSTE: 17970 registros cargados
2026-02-06 01:29:24,540 - INFO - 
================================================================================
2026-02-06 01:29:24,540 - INFO - FASE 2: DEFINICIÓN DEL PERÍODO DE ANÁLISIS
2026-02-06 01:29:24,541 - INFO - ================================================================================
2026-02-06 01:29:24,541 - INFO - 
Período configurado:
2026-02-06 01:29:24,541 - INFO -    Desde: 01 de January de 2026
2026-02-06 01:29:24,541 - INFO -    Hasta: 28 de February de 2026
2026-02-06 01:29:24,542 - INFO -    Días: 59
2026-02-06 01:29:24,542 - INFO - 
================================================================================
2026-02-06 01:29:24,542 - INFO - FASE 3: FILTRADO DE DATOS POR PERÍODO
2026-02-06 01:29:24,542 - INFO - ================================================================================
2026-02-06 01:29:24,543 - INFO - 
Convirtiendo fechas de COMPRAS...
2026-02-06 01:29:24,552 - INFO -   - Fechas válidas: 3173/3594
2026-02-06 01:29:24,553 - INFO - 
Convirtiendo fechas de VENTAS...
2026-02-06 01:29:24,560 - INFO -   - Fechas válidas: 15479/15482
2026-02-06 01:29:24,563 - INFO - 
COMPRAS: 3594 registros → 0 registros (filtrado por fechas)
2026-02-06 01:29:24,563 - INFO - VENTAS: 15482 registros → 0 registros (filtrado por fechas)
2026-02-06 01:29:24,563 - WARNING - 
⚠️ ADVERTENCIA: No hay datos después del filtrado por fechas.
2026-02-06 01:29:24,564 - WARNING -    Período buscado: 01/01/2026 - 28/02/2026
2026-02-06 01:29:24,565 - WARNING - 
   El sistema continuará procesando con los datos disponibles.
2026-02-06 01:29:24,565 - WARNING -    Los archivos de clasificación se generarán usando todos los datos sin filtrar por fechas.
2026-02-06 01:29:26,242 - INFO - 
   Datos recargados sin filtrado por fechas.
2026-02-06 01:29:26,242 - INFO - 
================================================================================
2026-02-06 01:29:26,242 - INFO - FASE 4: CÁLCULO DE COSTE Y BENEFICIO
2026-02-06 01:29:26,242 - INFO - ================================================================================
2026-02-06 01:29:26,247 - INFO - VENTAS: 15482 filas → 15479 filas de Detalle
2026-02-06 01:29:26,709 - INFO - 
VENTAS procesadas: 15479 registros
2026-02-06 01:29:26,709 - INFO -   - Con coste encontrado: 15240
2026-02-06 01:29:26,709 - INFO -   - Sin coste (asignado 0): 239
2026-02-06 01:29:26,710 - INFO - 
Total importe ventas: 183064.73 €
2026-02-06 01:29:26,710 - INFO - Total coste ventas: 84589.90 €
2026-02-06 01:29:26,710 - INFO - Total beneficio: 74521.97 €
2026-02-06 01:29:26,711 - INFO - 
================================================================================
2026-02-06 01:29:26,711 - INFO - FASE 5: NORMALIZACIÓN DE DATOS
2026-02-06 01:29:26,711 - INFO - ================================================================================
2026-02-06 01:29:26,747 - INFO - Columnas normalizadas creadas para comparación
2026-02-06 01:29:26,767 - INFO - 
Filtrados 455 artículos con menos de 10 dígitos en COMPRAS
2026-02-06 01:29:26,767 - INFO - Filtrados 416 artículos con menos de 10 dígitos en VENTAS
2026-02-06 01:29:26,767 - INFO - Filtrados 2083 artículos con menos de 10 dígitos en STOCK
2026-02-06 01:29:26,769 - INFO - 
Filtradas 142 filas con 0 unidades en COMPRAS
2026-02-06 01:29:26,774 - INFO - 
Filtradas 91 filas con 0 unidades en VENTAS
2026-02-06 01:29:26,776 - INFO - 
Filtradas 0 filas con 0 unidades en STOCK
2026-02-06 01:29:26,776 - INFO - 
================================================================================
2026-02-06 01:29:26,776 - INFO - FASE 6: PROCESAMIENTO DE SECCIONES
2026-02-06 01:29:26,777 - INFO - ================================================================================
2026-02-06 01:29:26,777 - INFO - 
================================================================================
2026-02-06 01:29:26,777 - INFO - PROCESANDO SECCIÓN: INTERIOR
2026-02-06 01:29:26,777 - INFO - Descripción: Plantas de interior
2026-02-06 01:29:26,777 - INFO - ================================================================================
2026-02-06 01:29:26,802 - INFO - Datos filtrados:
2026-02-06 01:29:26,803 - INFO -   - Compras: 307 registros
2026-02-06 01:29:26,803 - INFO -   - Ventas: 1865 registros
2026-02-06 01:29:26,803 - INFO -   - Stock: 242 registros
2026-02-06 01:29:26,829 - INFO - 
Total artículos únicos en sección: 519
2026-02-06 01:29:28,099 - INFO - 
Total artículos procesados: 519
2026-02-06 01:29:28,100 - INFO - Artículos con ventas: 355
2026-02-06 01:29:28,100 - INFO - Artículos sin ventas: 164
2026-02-06 01:29:28,102 - INFO - 
  Categoría A: 148 artículos
2026-02-06 01:29:28,102 - INFO -   Categoría B: 110 artículos
2026-02-06 01:29:28,103 - INFO -   Categoría C: 97 artículos
2026-02-06 01:29:28,104 - INFO - 
  Categoría D: 164 artículos
2026-02-06 01:29:28,354 - INFO - 
Archivo generado: data/output/Periodo_1/CLASIFICACION_ABC+D_INTERIOR_20260101-20260228.xlsx
2026-02-06 01:29:29,358 - INFO - Archivo copiado a: data/input/CLASIFICACION_ABC+D_INTERIOR_20260101-20260228.xlsx
2026-02-06 01:29:29,359 - INFO - 
Enviando email al encargado de la sección...
2026-02-06 01:29:29,834 - INFO -   Email enviado a Iris (ivan.delgado@viveverde.es)
2026-02-06 01:29:29,834 - INFO -   ✓ Email enviado correctamente
2026-02-06 01:29:29,835 - INFO - 
✓ Sección 'interior' completada
2026-02-06 01:29:29,836 - INFO - 
================================================================================
2026-02-06 01:29:29,836 - INFO - PROCESANDO SECCIÓN: UTILES_JARDIN
2026-02-06 01:29:29,836 - INFO - Descripción: Útiles de jardín
2026-02-06 01:29:29,836 - INFO - ================================================================================
2026-02-06 01:29:29,851 - INFO - Datos filtrados:
2026-02-06 01:29:29,851 - INFO -   - Compras: 49 registros
2026-02-06 01:29:29,851 - INFO -   - Ventas: 265 registros
2026-02-06 01:29:29,851 - INFO -   - Stock: 425 registros
2026-02-06 01:29:29,859 - INFO - 
Total artículos únicos en sección: 522
2026-02-06 01:29:30,803 - INFO - 
Total artículos procesados: 522
2026-02-06 01:29:30,814 - INFO - Artículos con ventas: 168
2026-02-06 01:29:30,816 - INFO - Artículos sin ventas: 354
2026-02-06 01:29:30,819 - INFO - 
  Categoría A: 73 artículos
2026-02-06 01:29:30,819 - INFO -   Categoría B: 50 artículos
2026-02-06 01:29:30,820 - INFO -   Categoría C: 45 artículos
2026-02-06 01:29:30,821 - INFO - 
  Categoría D: 354 artículos
2026-02-06 01:29:31,063 - INFO - 
Archivo generado: data/output/Periodo_1/CLASIFICACION_ABC+D_UTILES_JARDIN_20260101-20260228.xlsx
2026-02-06 01:29:32,022 - INFO - Archivo copiado a: data/input/CLASIFICACION_ABC+D_UTILES_JARDIN_20260101-20260228.xlsx
2026-02-06 01:29:32,022 - INFO - 
Enviando email al encargado de la sección...
2026-02-06 01:29:32,383 - INFO -   Email enviado a Ivan (ivan.delgado@viveverde.es)
2026-02-06 01:29:32,384 - INFO -   ✓ Email enviado correctamente
2026-02-06 01:29:32,386 - INFO - 
✓ Sección 'utiles_jardin' completada
2026-02-06 01:29:32,386 - INFO - 
================================================================================
2026-02-06 01:29:32,386 - INFO - PROCESANDO SECCIÓN: SEMILLAS
2026-02-06 01:29:32,387 - INFO - Descripción: Semillas y bulbos
2026-02-06 01:29:32,387 - INFO - ================================================================================
2026-02-06 01:29:32,406 - INFO - Datos filtrados:
2026-02-06 01:29:32,406 - INFO -   - Compras: 81 registros
2026-02-06 01:29:32,406 - INFO -   - Ventas: 467 registros
2026-02-06 01:29:32,407 - INFO -   - Stock: 131 registros
2026-02-06 01:29:32,415 - INFO - 
Total artículos únicos en sección: 217
2026-02-06 01:29:32,867 - INFO - 
Total artículos procesados: 217
2026-02-06 01:29:32,868 - INFO - Artículos con ventas: 159
2026-02-06 01:29:32,868 - INFO - Artículos sin ventas: 58
2026-02-06 01:29:32,870 - INFO - 
  Categoría A: 62 artículos
2026-02-06 01:29:32,870 - INFO -   Categoría B: 56 artículos
2026-02-06 01:29:32,871 - INFO -   Categoría C: 41 artículos
2026-02-06 01:29:32,872 - INFO - 
  Categoría D: 58 artículos
2026-02-06 01:29:33,006 - INFO - 
Archivo generado: data/output/Periodo_1/CLASIFICACION_ABC+D_SEMILLAS_20260101-20260228.xlsx
2026-02-06 01:29:33,477 - INFO - Archivo copiado a: data/input/CLASIFICACION_ABC+D_SEMILLAS_20260101-20260228.xlsx
2026-02-06 01:29:33,478 - INFO - 
Enviando email al encargado de la sección...
2026-02-06 01:29:33,813 - INFO -   Email enviado a Ivan (ivan.delgado@viveverde.es)
2026-02-06 01:29:33,815 - INFO -   ✓ Email enviado correctamente
2026-02-06 01:29:33,819 - INFO - 
✓ Sección 'semillas' completada
2026-02-06 01:29:33,819 - INFO - 
================================================================================
2026-02-06 01:29:33,820 - INFO - PROCESANDO SECCIÓN: DECO_INTERIOR
2026-02-06 01:29:33,821 - INFO - Descripción: Decoración interior
2026-02-06 01:29:33,822 - INFO - ================================================================================
2026-02-06 01:29:33,848 - INFO - Datos filtrados:
2026-02-06 01:29:33,848 - INFO -   - Compras: 346 registros
2026-02-06 01:29:33,849 - INFO -   - Ventas: 1255 registros
2026-02-06 01:29:33,849 - INFO -   - Stock: 1425 registros
2026-02-06 01:29:33,879 - INFO - 
Total artículos únicos en sección: 1976
2026-02-06 01:29:38,822 - INFO - 
Total artículos procesados: 1976
2026-02-06 01:29:38,823 - INFO - Artículos con ventas: 739
2026-02-06 01:29:38,824 - INFO - Artículos sin ventas: 1237
2026-02-06 01:29:38,826 - INFO - 
  Categoría A: 352 artículos
2026-02-06 01:29:38,826 - INFO -   Categoría B: 215 artículos
2026-02-06 01:29:38,827 - INFO -   Categoría C: 172 artículos
2026-02-06 01:29:38,828 - INFO - 
  Categoría D: 1237 artículos
2026-02-06 01:29:39,624 - INFO - 
Archivo generado: data/output/Periodo_1/CLASIFICACION_ABC+D_DECO_INTERIOR_20260101-20260228.xlsx
2026-02-06 01:29:42,970 - INFO - Archivo copiado a: data/input/CLASIFICACION_ABC+D_DECO_INTERIOR_20260101-20260228.xlsx
2026-02-06 01:29:42,971 - INFO - 
Enviando email al encargado de la sección...
2026-02-06 01:29:43,373 - INFO -   Email enviado a Rocío (ivan.delgado@viveverde.es)
2026-02-06 01:29:43,376 - INFO -   ✓ Email enviado correctamente
2026-02-06 01:29:43,380 - INFO - 
✓ Sección 'deco_interior' completada
2026-02-06 01:29:43,380 - INFO - 
================================================================================
2026-02-06 01:29:43,380 - INFO - PROCESANDO SECCIÓN: MAF
2026-02-06 01:29:43,380 - INFO - Descripción: Planta de temporada y floristería
2026-02-06 01:29:43,380 - INFO - ================================================================================
2026-02-06 01:29:43,394 - INFO - Datos filtrados:
2026-02-06 01:29:43,394 - INFO -   - Compras: 240 registros
2026-02-06 01:29:43,395 - INFO -   - Ventas: 1757 registros
2026-02-06 01:29:43,395 - INFO -   - Stock: 106 registros
2026-02-06 01:29:43,418 - INFO - 
Total artículos únicos en sección: 298
2026-02-06 01:29:44,167 - INFO - 
Total artículos procesados: 298
2026-02-06 01:29:44,168 - INFO - Artículos con ventas: 214
2026-02-06 01:29:44,168 - INFO - Artículos sin ventas: 84
2026-02-06 01:29:44,170 - INFO - 
  Categoría A: 70 artículos
2026-02-06 01:29:44,170 - INFO -   Categoría B: 64 artículos
2026-02-06 01:29:44,171 - INFO -   Categoría C: 80 artículos
2026-02-06 01:29:44,172 - INFO - 
  Categoría D: 84 artículos
2026-02-06 01:29:44,334 - INFO - 
Archivo generado: data/output/Periodo_1/CLASIFICACION_ABC+D_MAF_20260101-20260228.xlsx
2026-02-06 01:29:44,948 - INFO - Archivo copiado a: data/input/CLASIFICACION_ABC+D_MAF_20260101-20260228.xlsx
2026-02-06 01:29:44,948 - INFO - 
Enviando email al encargado de la sección...
2026-02-06 01:29:45,297 - INFO -   Email enviado a Jose (ivan.delgado@viveverde.es)
2026-02-06 01:29:45,299 - INFO -   ✓ Email enviado correctamente
2026-02-06 01:29:45,301 - INFO - 
✓ Sección 'maf' completada
2026-02-06 01:29:45,302 - INFO - 
================================================================================
2026-02-06 01:29:45,303 - INFO - PROCESANDO SECCIÓN: VIVERO
2026-02-06 01:29:45,304 - INFO - Descripción: Vivero y plantas exterior
2026-02-06 01:29:45,304 - INFO - ================================================================================
2026-02-06 01:29:45,330 - INFO - Datos filtrados:
2026-02-06 01:29:45,330 - INFO -   - Compras: 181 registros
2026-02-06 01:29:45,330 - INFO -   - Ventas: 682 registros
2026-02-06 01:29:45,330 - INFO -   - Stock: 351 registros
2026-02-06 01:29:45,344 - INFO - 
Total artículos únicos en sección: 574
2026-02-06 01:29:46,606 - INFO - 
Total artículos procesados: 574
2026-02-06 01:29:46,607 - INFO - Artículos con ventas: 271
2026-02-06 01:29:46,607 - INFO - Artículos sin ventas: 303
2026-02-06 01:29:46,609 - INFO - 
  Categoría A: 121 artículos
2026-02-06 01:29:46,609 - INFO -   Categoría B: 82 artículos
2026-02-06 01:29:46,610 - INFO -   Categoría C: 68 artículos
2026-02-06 01:29:46,611 - INFO - 
  Categoría D: 303 artículos
2026-02-06 01:29:46,870 - INFO - 
Archivo generado: data/output/Periodo_1/CLASIFICACION_ABC+D_VIVERO_20260101-20260228.xlsx
2026-02-06 01:29:48,037 - INFO - Archivo copiado a: data/input/CLASIFICACION_ABC+D_VIVERO_20260101-20260228.xlsx
2026-02-06 01:29:48,037 - INFO - 
Enviando email al encargado de la sección...
2026-02-06 01:29:48,395 - INFO -   Email enviado a Jose (ivan.delgado@viveverde.es)
2026-02-06 01:29:48,396 - INFO -   ✓ Email enviado correctamente
2026-02-06 01:29:48,401 - INFO - 
✓ Sección 'vivero' completada
2026-02-06 01:29:48,401 - INFO - 
================================================================================
2026-02-06 01:29:48,401 - INFO - PROCESANDO SECCIÓN: DECO_EXTERIOR
2026-02-06 01:29:48,401 - INFO - Descripción: Decoración exterior
2026-02-06 01:29:48,401 - INFO - ================================================================================
2026-02-06 01:29:48,415 - INFO - Datos filtrados:
2026-02-06 01:29:48,415 - INFO -   - Compras: 257 registros
2026-02-06 01:29:48,416 - INFO -   - Ventas: 1069 registros
2026-02-06 01:29:48,416 - INFO -   - Stock: 693 registros
2026-02-06 01:29:48,437 - INFO - 
Total artículos únicos en sección: 1084
2026-02-06 01:29:51,459 - INFO - 
Total artículos procesados: 1084
2026-02-06 01:29:51,460 - INFO - Artículos con ventas: 435
2026-02-06 01:29:51,460 - INFO - Artículos sin ventas: 649
2026-02-06 01:29:51,463 - INFO - 
  Categoría A: 119 artículos
2026-02-06 01:29:51,464 - INFO -   Categoría B: 156 artículos
2026-02-06 01:29:51,464 - INFO -   Categoría C: 160 artículos
2026-02-06 01:29:51,467 - INFO - 
  Categoría D: 649 artículos
2026-02-06 01:29:51,952 - INFO - 
Archivo generado: data/output/Periodo_1/CLASIFICACION_ABC+D_DECO_EXTERIOR_20260101-20260228.xlsx
2026-02-06 01:29:54,108 - INFO - Archivo copiado a: data/input/CLASIFICACION_ABC+D_DECO_EXTERIOR_20260101-20260228.xlsx
2026-02-06 01:29:54,108 - INFO - 
Enviando email al encargado de la sección...
2026-02-06 01:29:54,480 - INFO -   Email enviado a Pablo (ivan.delgado@viveverde.es)
2026-02-06 01:29:54,481 - INFO -   ✓ Email enviado correctamente
2026-02-06 01:29:54,484 - INFO - 
✓ Sección 'deco_exterior' completada
2026-02-06 01:29:54,484 - INFO - 
================================================================================
2026-02-06 01:29:54,484 - INFO - PROCESANDO SECCIÓN: MASCOTAS_MANUFACTURADO
2026-02-06 01:29:54,485 - INFO - Descripción: Mascotas (productos manufacturados)
2026-02-06 01:29:54,485 - INFO - ================================================================================
2026-02-06 01:29:54,509 - INFO - Datos filtrados:
2026-02-06 01:29:54,509 - INFO -   - Compras: 1219 registros
2026-02-06 01:29:54,510 - INFO -   - Ventas: 5362 registros
2026-02-06 01:29:54,510 - INFO -   - Stock: 1882 registros
2026-02-06 01:29:54,599 - INFO - 
Total artículos únicos en sección: 2770
2026-02-06 01:30:04,808 - INFO - 
Total artículos procesados: 2770
2026-02-06 01:30:04,809 - INFO - Artículos con ventas: 1581
2026-02-06 01:30:04,810 - INFO - Artículos sin ventas: 1189
2026-02-06 01:30:04,812 - INFO - 
  Categoría A: 508 artículos
2026-02-06 01:30:04,813 - INFO -   Categoría B: 510 artículos
2026-02-06 01:30:04,813 - INFO -   Categoría C: 563 artículos
2026-02-06 01:30:04,816 - INFO - 
  Categoría D: 1189 artículos
2026-02-06 01:30:05,869 - INFO - 
Archivo generado: data/output/Periodo_1/CLASIFICACION_ABC+D_MASCOTAS_MANUFACTURADO_20260101-20260228.xlsx
2026-02-06 01:30:10,694 - INFO - Archivo copiado a: data/input/CLASIFICACION_ABC+D_MASCOTAS_MANUFACTURADO_20260101-20260228.xlsx
2026-02-06 01:30:10,695 - INFO - 
Enviando email al encargado de la sección...
2026-02-06 01:30:11,114 - INFO -   Email enviado a María (ivan.delgado@viveverde.es)
2026-02-06 01:30:11,115 - INFO -   ✓ Email enviado correctamente
2026-02-06 01:30:11,120 - INFO - 
✓ Sección 'mascotas_manufacturado' completada
2026-02-06 01:30:11,120 - INFO - 
================================================================================
2026-02-06 01:30:11,120 - INFO - PROCESANDO SECCIÓN: MASCOTAS_VIVO
2026-02-06 01:30:11,121 - INFO - Descripción: Mascotas (animales vivos)
2026-02-06 01:30:11,121 - INFO - ================================================================================
2026-02-06 01:30:11,136 - INFO - Datos filtrados:
2026-02-06 01:30:11,136 - INFO -   - Compras: 249 registros
2026-02-06 01:30:11,136 - INFO -   - Ventas: 807 registros
2026-02-06 01:30:11,136 - INFO -   - Stock: 139 registros
2026-02-06 01:30:11,155 - INFO - 
Total artículos únicos en sección: 212
2026-02-06 01:30:11,779 - INFO - 
Total artículos procesados: 212
2026-02-06 01:30:11,780 - INFO - Artículos con ventas: 137
2026-02-06 01:30:11,780 - INFO - Artículos sin ventas: 75
2026-02-06 01:30:11,782 - INFO - 
  Categoría A: 42 artículos
2026-02-06 01:30:11,782 - INFO -   Categoría B: 45 artículos
2026-02-06 01:30:11,783 - INFO -   Categoría C: 50 artículos
2026-02-06 01:30:11,785 - INFO - 
  Categoría D: 75 artículos
2026-02-06 01:30:11,930 - INFO - 
Archivo generado: data/output/Periodo_1/CLASIFICACION_ABC+D_MASCOTAS_VIVO_20260101-20260228.xlsx
2026-02-06 01:30:12,394 - INFO - Archivo copiado a: data/input/CLASIFICACION_ABC+D_MASCOTAS_VIVO_20260101-20260228.xlsx
2026-02-06 01:30:12,394 - INFO - 
Enviando email al encargado de la sección...
2026-02-06 01:30:12,731 - INFO -   Email enviado a María (ivan.delgado@viveverde.es)
2026-02-06 01:30:12,731 - INFO -   ✓ Email enviado correctamente
2026-02-06 01:30:12,732 - INFO - 
✓ Sección 'mascotas_vivo' completada
2026-02-06 01:30:12,733 - INFO - 
================================================================================
2026-02-06 01:30:12,733 - INFO - PROCESANDO SECCIÓN: TIERRA_ARIDOS
2026-02-06 01:30:12,733 - INFO - Descripción: Tierras y áridos
2026-02-06 01:30:12,733 - INFO - ================================================================================
2026-02-06 01:30:12,748 - INFO - Datos filtrados:
2026-02-06 01:30:12,749 - INFO -   - Compras: 20 registros
2026-02-06 01:30:12,749 - INFO -   - Ventas: 930 registros
2026-02-06 01:30:12,749 - INFO -   - Stock: 62 registros
2026-02-06 01:30:12,762 - INFO - 
Total artículos únicos en sección: 108
2026-02-06 01:30:13,011 - INFO - 
Total artículos procesados: 108
2026-02-06 01:30:13,012 - INFO - Artículos con ventas: 92
2026-02-06 01:30:13,012 - INFO - Artículos sin ventas: 16
2026-02-06 01:30:13,014 - INFO - 
  Categoría A: 31 artículos
2026-02-06 01:30:13,014 - INFO -   Categoría B: 27 artículos
2026-02-06 01:30:13,015 - INFO -   Categoría C: 34 artículos
2026-02-06 01:30:13,016 - INFO - 
  Categoría D: 16 artículos
2026-02-06 01:30:13,128 - INFO - 
Archivo generado: data/output/Periodo_1/CLASIFICACION_ABC+D_TIERRA_ARIDOS_20260101-20260228.xlsx
2026-02-06 01:30:13,428 - INFO - Archivo copiado a: data/input/CLASIFICACION_ABC+D_TIERRA_ARIDOS_20260101-20260228.xlsx
2026-02-06 01:30:13,428 - INFO - 
Enviando email al encargado de la sección...
2026-02-06 01:30:13,428 - WARNING -   No hay encargado configurado para 'tierra_aridos'. No se enviará email.
2026-02-06 01:30:13,429 - WARNING -   ✗ No se pudo enviar el email
2026-02-06 01:30:13,429 - INFO - 
✓ Sección 'tierra_aridos' completada
2026-02-06 01:30:13,429 - INFO - 
================================================================================
2026-02-06 01:30:13,430 - INFO - PROCESANDO SECCIÓN: FITOS
2026-02-06 01:30:13,430 - INFO - Descripción: Fitosanitarios y abonos
2026-02-06 01:30:13,430 - INFO - ================================================================================
2026-02-06 01:30:13,443 - INFO - Datos filtrados:
2026-02-06 01:30:13,444 - INFO -   - Compras: 48 registros
2026-02-06 01:30:13,444 - INFO -   - Ventas: 513 registros
2026-02-06 01:30:13,444 - INFO -   - Stock: 221 registros
2026-02-06 01:30:13,453 - INFO - 
Total artículos únicos en sección: 265
2026-02-06 01:30:14,020 - INFO - 
Total artículos procesados: 265
2026-02-06 01:30:14,021 - INFO - Artículos con ventas: 158
2026-02-06 01:30:14,021 - INFO - Artículos sin ventas: 107
2026-02-06 01:30:14,022 - INFO - 
  Categoría A: 69 artículos
2026-02-06 01:30:14,023 - INFO -   Categoría B: 52 artículos
2026-02-06 01:30:14,023 - INFO -   Categoría C: 37 artículos
2026-02-06 01:30:14,025 - INFO - 
  Categoría D: 107 artículos
2026-02-06 01:30:14,191 - INFO - 
Archivo generado: data/output/Periodo_1/CLASIFICACION_ABC+D_FITOS_20260101-20260228.xlsx
2026-02-06 01:30:14,743 - INFO - Archivo copiado a: data/input/CLASIFICACION_ABC+D_FITOS_20260101-20260228.xlsx
2026-02-06 01:30:14,743 - INFO - 
Enviando email al encargado de la sección...
2026-02-06 01:30:15,079 - INFO -   Email enviado a Ivan (ivan.delgado@viveverde.es)
2026-02-06 01:30:15,080 - INFO -   ✓ Email enviado correctamente
2026-02-06 01:30:15,081 - INFO - 
✓ Sección 'fitos' completada
2026-02-06 01:30:15,081 - INFO - 
================================================================================
2026-02-06 01:30:15,081 - INFO - RESUMEN DEL PROCESAMIENTO
2026-02-06 01:30:15,081 - INFO - ================================================================================
2026-02-06 01:30:15,082 - INFO - 
Período: Periodo_1 (Enero - Febrero)
2026-02-06 01:30:15,082 - INFO - Fechas: 01/01/2026 - 28/02/2026 (59 días)
2026-02-06 01:30:15,082 - INFO - 
Secciones procesadas: 11
2026-02-06 01:30:15,082 - INFO -   - deco_exterior
2026-02-06 01:30:15,085 - INFO -   - deco_interior
2026-02-06 01:30:15,088 - INFO -   - fitos
2026-02-06 01:30:15,090 - INFO -   - interior
2026-02-06 01:30:15,091 - INFO -   - maf
2026-02-06 01:30:15,093 - INFO -   - mascotas_manufacturado
2026-02-06 01:30:15,093 - INFO -   - mascotas_vivo
2026-02-06 01:30:15,093 - INFO -   - semillas
2026-02-06 01:30:15,094 - INFO -   - tierra_aridos
2026-02-06 01:30:15,094 - INFO -   - utiles_jardin
2026-02-06 01:30:15,094 - INFO -   - vivero
2026-02-06 01:30:15,094 - INFO - 
Archivos generados:
2026-02-06 01:30:15,095 - INFO -   - data/output/Periodo_1/CLASIFICACION_ABC+D_INTERIOR_20260101-20260228.xlsx: 519 artículos (A:148, B:110, C:97, D:164)
2026-02-06 01:30:15,095 - INFO -   - data/output/Periodo_1/CLASIFICACION_ABC+D_UTILES_JARDIN_20260101-20260228.xlsx: 522 artículos (A:73, B:50, C:45, D:354)
2026-02-06 01:30:15,095 - INFO -   - data/output/Periodo_1/CLASIFICACION_ABC+D_SEMILLAS_20260101-20260228.xlsx: 217 artículos (A:62, B:56, C:41, D:58)
2026-02-06 01:30:15,095 - INFO -   - data/output/Periodo_1/CLASIFICACION_ABC+D_DECO_INTERIOR_20260101-20260228.xlsx: 1976 artículos (A:352, B:215, C:172, D:1237)
2026-02-06 01:30:15,095 - INFO -   - data/output/Periodo_1/CLASIFICACION_ABC+D_MAF_20260101-20260228.xlsx: 298 artículos (A:70, B:64, C:80, D:84)
2026-02-06 01:30:15,096 - INFO -   - data/output/Periodo_1/CLASIFICACION_ABC+D_VIVERO_20260101-20260228.xlsx: 574 artículos (A:121, B:82, C:68, D:303)
2026-02-06 01:30:15,096 - INFO -   - data/output/Periodo_1/CLASIFICACION_ABC+D_DECO_EXTERIOR_20260101-20260228.xlsx: 1084 artículos (A:119, B:156, C:160, D:649)
2026-02-06 01:30:15,096 - INFO -   - data/output/Periodo_1/CLASIFICACION_ABC+D_MASCOTAS_MANUFACTURADO_20260101-20260228.xlsx: 2770 artículos (A:508, B:510, C:563, D:1189)
2026-02-06 01:30:15,096 - INFO -   - data/output/Periodo_1/CLASIFICACION_ABC+D_MASCOTAS_VIVO_20260101-20260228.xlsx: 212 artículos (A:42, B:45, C:50, D:75)
2026-02-06 01:30:15,097 - INFO -   - data/output/Periodo_1/CLASIFICACION_ABC+D_TIERRA_ARIDOS_20260101-20260228.xlsx: 108 artículos (A:31, B:27, C:34, D:16)
2026-02-06 01:30:15,097 - INFO -   - data/output/Periodo_1/CLASIFICACION_ABC+D_FITOS_20260101-20260228.xlsx: 265 artículos (A:69, B:52, C:37, D:107)
2026-02-06 01:30:15,097 - INFO - 
Total artículos en todos los archivos: 8545
2026-02-06 01:30:15,097 - INFO - 
================================================================================
2026-02-06 01:30:15,097 - INFO - PROCESO COMPLETADO CORRECTAMENTE
2026-02-06 01:30:15,098 - INFO - ================================================================================
